[2020-09-03 12:50:33] main.INFO: 0 cron jobs were cleaned [] []
[2020-09-03 12:50:34] main.INFO: Cron Job catalog_product_outdated_price_values_cleanup is run [] []
[2020-09-03 12:50:34] main.INFO: Cron Job catalog_product_outdated_price_values_cleanup is successfully finished. Statistics: {"sum":0.00030994415283203,"count":1,"realmem":0,"emalloc":12400,"realmem_start":162004992,"emalloc_start":148009616} [] []
[2020-09-03 12:50:34] main.INFO: Cron Job catalog_product_frontend_actions_flush is run [] []
[2020-09-03 12:50:34] main.INFO: Cron Job catalog_product_frontend_actions_flush is successfully finished. Statistics: {"sum":0.0014619827270508,"count":1,"realmem":0,"emalloc":1448,"realmem_start":162004992,"emalloc_start":148047352} [] []
[2020-09-03 12:50:34] main.INFO: Cron Job catalog_product_attribute_value_synchronize is run [] []
[2020-09-03 12:50:34] main.INFO: Cron Job catalog_product_attribute_value_synchronize is successfully finished. Statistics: {"sum":0.0026068687438965,"count":1,"realmem":0,"emalloc":21256,"realmem_start":162004992,"emalloc_start":148086808} [] []
[2020-09-03 12:50:34] main.INFO: Cron Job sales_grid_order_async_insert is run [] []
[2020-09-03 12:50:34] main.INFO: Cron Job sales_grid_order_async_insert is successfully finished. Statistics: {"sum":0.00010585784912109,"count":1,"realmem":0,"emalloc":1072,"realmem_start":162004992,"emalloc_start":148201224} [] []
[2020-09-03 12:50:34] main.INFO: Cron Job sales_grid_order_invoice_async_insert is run [] []
[2020-09-03 12:50:34] main.INFO: Cron Job sales_grid_order_invoice_async_insert is successfully finished. Statistics: {"sum":0.00010013580322266,"count":1,"realmem":0,"emalloc":1072,"realmem_start":162004992,"emalloc_start":148205304} [] []
[2020-09-03 12:50:34] main.INFO: Cron Job sales_grid_order_shipment_async_insert is run [] []
[2020-09-03 12:50:34] main.INFO: Cron Job sales_grid_order_shipment_async_insert is successfully finished. Statistics: {"sum":9.7990036010742e-5,"count":1,"realmem":0,"emalloc":1072,"realmem_start":162004992,"emalloc_start":148208536} [] []
[2020-09-03 12:50:34] main.INFO: Cron Job sales_grid_order_creditmemo_async_insert is run [] []
[2020-09-03 12:50:34] main.INFO: Cron Job sales_grid_order_creditmemo_async_insert is successfully finished. Statistics: {"sum":0.00014114379882812,"count":1,"realmem":0,"emalloc":1072,"realmem_start":162004992,"emalloc_start":148211896} [] []
[2020-09-03 12:50:34] main.INFO: Cron Job sales_send_order_emails is run [] []
[2020-09-03 12:50:34] main.INFO: Cron Job sales_send_order_emails is successfully finished. Statistics: {"sum":0.00028014183044434,"count":1,"realmem":0,"emalloc":1024,"realmem_start":162004992,"emalloc_start":151134016} [] []
[2020-09-03 12:50:34] main.INFO: Cron Job sales_send_order_invoice_emails is run [] []
[2020-09-03 12:50:34] main.INFO: Cron Job sales_send_order_invoice_emails is successfully finished. Statistics: {"sum":0.00029110908508301,"count":1,"realmem":0,"emalloc":1072,"realmem_start":162004992,"emalloc_start":151432408} [] []
[2020-09-03 12:50:34] main.INFO: Cron Job sales_send_order_shipment_emails is run [] []
[2020-09-03 12:50:34] main.INFO: Cron Job sales_send_order_shipment_emails is successfully finished. Statistics: {"sum":0.0001378059387207,"count":1,"realmem":0,"emalloc":1072,"realmem_start":162004992,"emalloc_start":151703128} [] []
[2020-09-03 12:50:34] main.INFO: Cron Job sales_send_order_creditmemo_emails is run [] []
[2020-09-03 12:50:34] main.INFO: Cron Job sales_send_order_creditmemo_emails is successfully finished. Statistics: {"sum":0.00014710426330566,"count":1,"realmem":0,"emalloc":1072,"realmem_start":162004992,"emalloc_start":152009552} [] []
[2020-09-03 12:50:34] main.INFO: Cron Job outdated_authentication_failures_cleanup is run [] []
[2020-09-03 12:50:34] main.INFO: Cron Job outdated_authentication_failures_cleanup is successfully finished. Statistics: {"sum":0.0022001266479492,"count":1,"realmem":0,"emalloc":1448,"realmem_start":162004992,"emalloc_start":152029056} [] []
[2020-09-03 12:50:34] main.INFO: Cron Job captcha_delete_expired_images is run [] []
[2020-09-03 12:50:34] main.INFO: Cron Job captcha_delete_expired_images is successfully finished. Statistics: {"sum":0.032335996627808,"count":1,"realmem":0,"emalloc":705320,"realmem_start":162004992,"emalloc_start":152061304} [] []
[2020-09-03 12:50:34] main.INFO: Cron Job inventory_in_store_pickup_sales_send_order_notified_emails is run [] []
[2020-09-03 12:50:34] main.INFO: Cron Job inventory_in_store_pickup_sales_send_order_notified_emails is successfully finished. Statistics: {"sum":0.0015621185302734,"count":1,"realmem":0,"emalloc":1072,"realmem_start":162004992,"emalloc_start":152820704} [] []
[2020-09-03 12:50:35] main.INFO: Cron Job magento_newrelicreporting_cron is run [] []
[2020-09-03 12:50:35] main.INFO: Cron Job magento_newrelicreporting_cron is successfully finished. Statistics: {"sum":0.00016498565673828,"count":1,"realmem":0,"emalloc":1008,"realmem_start":162004992,"emalloc_start":153951856} [] []
[2020-09-03 12:50:35] main.INFO: Cron Job newsletter_send_all is run [] []
[2020-09-03 12:50:35] main.INFO: Cron Job newsletter_send_all is successfully finished. Statistics: {"sum":0.031946897506714,"count":1,"realmem":0,"emalloc":291896,"realmem_start":162004992,"emalloc_start":153959328} [] []
[2020-09-03 12:50:35] main.INFO: Cron Job bulk_cleanup is run [] []
[2020-09-03 12:50:35] main.INFO: Cron Job bulk_cleanup is successfully finished. Statistics: {"sum":0.0016069412231445,"count":1,"realmem":0,"emalloc":2360,"realmem_start":162004992,"emalloc_start":154256328} [] []
[2020-09-03 12:50:35] main.INFO: Cron Job get_amazon_capture_updates is run [] []
[2020-09-03 12:50:35] main.INFO: Cron Job get_amazon_capture_updates is successfully finished. Statistics: {"sum":0.0058841705322266,"count":1,"realmem":0,"emalloc":46232,"realmem_start":162004992,"emalloc_start":154898408} [] []
[2020-09-03 12:50:35] main.INFO: Cron Job get_amazon_authorization_updates is run [] []
[2020-09-03 12:50:35] main.INFO: Cron Job get_amazon_authorization_updates is successfully finished. Statistics: {"sum":0.0044431686401367,"count":1,"realmem":0,"emalloc":52640,"realmem_start":162004992,"emalloc_start":157406696} [] []
[2020-09-03 12:50:35] main.INFO: Cron Job amazon_payments_process_queued_refunds is run [] []
[2020-09-03 12:50:35] main.INFO: Cron Job amazon_payments_process_queued_refunds is successfully finished. Statistics: {"sum":0.0079948902130127,"count":1,"realmem":0,"emalloc":110360,"realmem_start":162004992,"emalloc_start":157469840} [] []
[2020-09-03 12:50:37] main.INFO: Cron Job indexer_reindex_all_invalid is run [] []
[2020-09-03 12:50:37] main.INFO: Cron Job yotpo_yotpo_orders_sync is run [] []
[2020-09-03 12:50:37] main.INFO: Cron Job yotpo_yotpo_orders_sync is successfully finished. Statistics: {"sum":0.01491904258728,"count":1,"realmem":0,"emalloc":404872,"realmem_start":162004992,"emalloc_start":147665440} [] []
[2020-09-03 12:50:37] main.INFO: Cron Job consumers_runner is run [] []
[2020-09-03 12:50:37] main.INFO: Cron Job consumers_runner is successfully finished. Statistics: {"sum":0.31466007232666,"count":1,"realmem":0,"emalloc":13368,"realmem_start":162004992,"emalloc_start":148893104} [] []
[2020-09-03 12:50:37] main.INFO: Cron Job ddg_automation_abandonedcarts is run [] []
[2020-09-03 12:50:37] main.INFO: Cron Job ddg_automation_abandonedcarts is successfully finished. Statistics: {"sum":0.11091709136963,"count":1,"realmem":0,"emalloc":748400,"realmem_start":162004992,"emalloc_start":153707792} [] []
[2020-09-03 12:50:37] main.INFO: Cron Job ddg_automation_campaign is run [] []
[2020-09-03 12:50:37] main.INFO: Cron Job ddg_automation_campaign is successfully finished. Statistics: {"sum":0.12753009796143,"count":1,"realmem":0,"emalloc":235944,"realmem_start":162004992,"emalloc_start":154456512} [] []
[2020-09-03 12:50:37] main.INFO: Cron Job ddg_automation_importer is run [] []
[2020-09-03 12:50:37] main.INFO: Cron Job ddg_automation_importer is successfully finished. Statistics: {"sum":0.082546949386597,"count":1,"realmem":0,"emalloc":821904,"realmem_start":162004992,"emalloc_start":154691984} [] []
[2020-09-03 12:50:43] main.INFO: Cron Job indexer_reindex_all_invalid is successfully finished. Statistics: {"sum":6.0630130767822,"count":1,"realmem":6291456,"emalloc":18147472,"realmem_start":162004992,"emalloc_start":147314688} [] []
[2020-09-03 12:50:43] main.INFO: Cron Job indexer_update_all_views is run [] []
[2020-09-03 12:50:43] main.INFO: Cron Job indexer_update_all_views is successfully finished. Statistics: {"sum":0.10288500785828,"count":1,"realmem":0,"emalloc":17184,"realmem_start":168296448,"emalloc_start":165464032} [] []
[2020-09-03 14:01:54] main.INFO: 0 cron jobs were cleaned [] []
[2020-09-03 14:01:54] main.INFO: 20 cron jobs were cleaned [] []
[2020-09-03 14:01:56] main.INFO: Cron Job catalog_product_outdated_price_values_cleanup is run [] []
[2020-09-03 14:01:56] main.INFO: Cron Job catalog_product_outdated_price_values_cleanup is successfully finished. Statistics: {"sum":0.0012950897216797,"count":1,"realmem":0,"emalloc":12400,"realmem_start":162004992,"emalloc_start":148436728} [] []
[2020-09-03 14:01:56] main.INFO: Cron Job catalog_product_frontend_actions_flush is run [] []
[2020-09-03 14:01:56] main.INFO: Cron Job catalog_product_frontend_actions_flush is successfully finished. Statistics: {"sum":0.0020241737365723,"count":1,"realmem":0,"emalloc":1448,"realmem_start":162004992,"emalloc_start":148539808} [] []
[2020-09-03 14:01:56] main.INFO: Cron Job sales_grid_order_async_insert is run [] []
[2020-09-03 14:01:56] main.INFO: Cron Job sales_grid_order_async_insert is successfully finished. Statistics: {"sum":0.00084280967712402,"count":1,"realmem":0,"emalloc":1072,"realmem_start":162004992,"emalloc_start":148634200} [] []
[2020-09-03 14:01:56] main.INFO: Cron Job sales_grid_order_invoice_async_insert is run [] []
[2020-09-03 14:01:56] main.INFO: Cron Job sales_grid_order_invoice_async_insert is successfully finished. Statistics: {"sum":0.00014591217041016,"count":1,"realmem":0,"emalloc":1072,"realmem_start":162004992,"emalloc_start":148638088} [] []
[2020-09-03 14:01:56] main.INFO: Cron Job sales_grid_order_shipment_async_insert is run [] []
[2020-09-03 14:01:56] main.INFO: Cron Job sales_grid_order_shipment_async_insert is successfully finished. Statistics: {"sum":0.00066804885864258,"count":1,"realmem":0,"emalloc":1072,"realmem_start":162004992,"emalloc_start":148641128} [] []
[2020-09-03 14:01:56] main.INFO: Cron Job sales_grid_order_creditmemo_async_insert is run [] []
[2020-09-03 14:01:56] main.INFO: Cron Job sales_grid_order_creditmemo_async_insert is successfully finished. Statistics: {"sum":0.00011706352233887,"count":1,"realmem":0,"emalloc":1072,"realmem_start":162004992,"emalloc_start":148644296} [] []
[2020-09-03 14:01:56] main.INFO: Cron Job sales_send_order_emails is run [] []
[2020-09-03 14:01:56] main.INFO: Cron Job sales_send_order_emails is successfully finished. Statistics: {"sum":0.00015115737915039,"count":1,"realmem":0,"emalloc":66560,"realmem_start":162004992,"emalloc_start":151454976} [] []
[2020-09-03 14:01:56] main.INFO: Cron Job sales_send_order_invoice_emails is run [] []
[2020-09-03 14:01:56] main.INFO: Cron Job sales_send_order_invoice_emails is successfully finished. Statistics: {"sum":0.00011587142944336,"count":1,"realmem":0,"emalloc":1072,"realmem_start":162004992,"emalloc_start":151753176} [] []
[2020-09-03 14:01:56] main.INFO: Cron Job sales_send_order_shipment_emails is run [] []
[2020-09-03 14:01:56] main.INFO: Cron Job sales_send_order_shipment_emails is successfully finished. Statistics: {"sum":0.00011396408081055,"count":1,"realmem":0,"emalloc":1072,"realmem_start":162004992,"emalloc_start":152043864} [] []
[2020-09-03 14:01:56] main.INFO: Cron Job sales_send_order_creditmemo_emails is run [] []
[2020-09-03 14:01:56] main.INFO: Cron Job sales_send_order_creditmemo_emails is successfully finished. Statistics: {"sum":0.00013184547424316,"count":1,"realmem":0,"emalloc":1072,"realmem_start":162004992,"emalloc_start":152350416} [] []
[2020-09-03 14:01:56] main.INFO: Cron Job outdated_authentication_failures_cleanup is run [] []
[2020-09-03 14:01:56] main.INFO: Cron Job outdated_authentication_failures_cleanup is successfully finished. Statistics: {"sum":0.0017049312591553,"count":1,"realmem":0,"emalloc":1448,"realmem_start":162004992,"emalloc_start":152435264} [] []
[2020-09-03 14:01:56] main.INFO: Cron Job inventory_in_store_pickup_sales_send_order_notified_emails is run [] []
[2020-09-03 14:01:56] main.INFO: Cron Job inventory_in_store_pickup_sales_send_order_notified_emails is successfully finished. Statistics: {"sum":9.9897384643555e-5,"count":1,"realmem":0,"emalloc":1072,"realmem_start":162004992,"emalloc_start":152490664} [] []
[2020-09-03 14:01:56] main.INFO: Cron Job bulk_cleanup is run [] []
[2020-09-03 14:01:56] main.INFO: Cron Job bulk_cleanup is successfully finished. Statistics: {"sum":0.00037097930908203,"count":1,"realmem":0,"emalloc":2360,"realmem_start":162004992,"emalloc_start":152496472} [] []
[2020-09-03 14:01:58] main.INFO: 2 cron jobs were cleaned [] []
[2020-09-03 14:01:58] main.INFO: 1 cron jobs were cleaned [] []
[2020-09-03 14:01:58] main.INFO: Cron Job indexer_reindex_all_invalid is run [] []
[2020-09-03 14:01:58] main.INFO: 1 cron jobs were cleaned [] []
[2020-09-03 14:01:58] main.INFO: Cron Job yotpo_yotpo_orders_sync is run [] []
[2020-09-03 14:01:58] main.INFO: Cron Job yotpo_yotpo_orders_sync is successfully finished. Statistics: {"sum":0.0034430027008057,"count":1,"realmem":0,"emalloc":403512,"realmem_start":162004992,"emalloc_start":147672400} [] []
[2020-09-03 14:01:58] main.INFO: Cron Job consumers_runner is run [] []
[2020-09-03 14:01:58] main.INFO: Cron Job consumers_runner is successfully finished. Statistics: {"sum":0.002593994140625,"count":1,"realmem":0,"emalloc":13048,"realmem_start":162004992,"emalloc_start":147747600} [] []
[2020-09-03 14:01:59] main.INFO: Cron Job indexer_reindex_all_invalid is successfully finished. Statistics: {"sum":1.064642906189,"count":1,"realmem":6291456,"emalloc":18038800,"realmem_start":162004992,"emalloc_start":147325672} [] []
[2020-09-03 14:01:59] main.INFO: Cron Job indexer_update_all_views is run [] []
[2020-09-03 14:01:59] main.INFO: Cron Job indexer_update_all_views is successfully finished. Statistics: {"sum":0.0067081451416016,"count":1,"realmem":0,"emalloc":17184,"realmem_start":168296448,"emalloc_start":165368432} [] []
[2020-09-14 11:18:22] main.INFO: 0 cron jobs were cleaned [] []
[2020-09-14 11:18:22] main.INFO: 571 cron jobs were cleaned [] []
[2020-09-14 11:18:23] main.INFO: Cron Job catalog_product_outdated_price_values_cleanup is run [] []
[2020-09-14 11:18:23] main.INFO: Cron Job catalog_product_outdated_price_values_cleanup is successfully finished. Statistics: {"sum":0.24142098426819,"count":1,"realmem":0,"emalloc":5382568,"realmem_start":162004992,"emalloc_start":148288440} [] []
[2020-09-14 11:18:23] main.INFO: Cron Job catalog_product_frontend_actions_flush is run [] []
[2020-09-14 11:18:23] main.INFO: Cron Job catalog_product_frontend_actions_flush is successfully finished. Statistics: {"sum":0.0023269653320312,"count":1,"realmem":0,"emalloc":1448,"realmem_start":162004992,"emalloc_start":153696248} [] []
[2020-09-14 11:18:23] main.INFO: Cron Job sales_grid_order_async_insert is run [] []
[2020-09-14 11:18:23] main.INFO: Cron Job sales_grid_order_async_insert is successfully finished. Statistics: {"sum":0.00053286552429199,"count":1,"realmem":0,"emalloc":1072,"realmem_start":162004992,"emalloc_start":153790760} [] []
[2020-09-14 11:18:23] main.INFO: Cron Job sales_grid_order_invoice_async_insert is run [] []
[2020-09-14 11:18:23] main.INFO: Cron Job sales_grid_order_invoice_async_insert is successfully finished. Statistics: {"sum":0.00011491775512695,"count":1,"realmem":0,"emalloc":1072,"realmem_start":162004992,"emalloc_start":153794840} [] []
[2020-09-14 11:18:23] main.INFO: Cron Job sales_grid_order_shipment_async_insert is run [] []
[2020-09-14 11:18:23] main.INFO: Cron Job sales_grid_order_shipment_async_insert is successfully finished. Statistics: {"sum":0.0014100074768066,"count":1,"realmem":0,"emalloc":1072,"realmem_start":162004992,"emalloc_start":153798072} [] []
[2020-09-14 11:18:23] main.INFO: Cron Job sales_grid_order_creditmemo_async_insert is run [] []
[2020-09-14 11:18:23] main.INFO: Cron Job sales_grid_order_creditmemo_async_insert is successfully finished. Statistics: {"sum":0.0001060962677002,"count":1,"realmem":0,"emalloc":1072,"realmem_start":162004992,"emalloc_start":153801432} [] []
[2020-09-14 11:18:23] main.INFO: Cron Job sales_send_order_emails is run [] []
[2020-09-14 11:18:23] main.INFO: Cron Job sales_send_order_emails is successfully finished. Statistics: {"sum":0.00018906593322754,"count":1,"realmem":0,"emalloc":1024,"realmem_start":162004992,"emalloc_start":156274432} [] []
[2020-09-14 11:18:23] main.INFO: Cron Job sales_send_order_invoice_emails is run [] []
[2020-09-14 11:18:23] main.INFO: Cron Job sales_send_order_invoice_emails is successfully finished. Statistics: {"sum":0.0001220703125,"count":1,"realmem":0,"emalloc":1072,"realmem_start":162004992,"emalloc_start":156572496} [] []
[2020-09-14 11:18:23] main.INFO: Cron Job sales_send_order_shipment_emails is run [] []
[2020-09-14 11:18:23] main.INFO: Cron Job sales_send_order_shipment_emails is successfully finished. Statistics: {"sum":0.00016093254089355,"count":1,"realmem":0,"emalloc":1072,"realmem_start":162004992,"emalloc_start":156777360} [] []
[2020-09-14 11:18:23] main.INFO: Cron Job sales_send_order_creditmemo_emails is run [] []
[2020-09-14 11:18:23] main.INFO: Cron Job sales_send_order_creditmemo_emails is successfully finished. Statistics: {"sum":0.00016283988952637,"count":1,"realmem":0,"emalloc":1072,"realmem_start":162004992,"emalloc_start":157149512} [] []
[2020-09-14 11:18:23] main.INFO: Cron Job outdated_authentication_failures_cleanup is run [] []
[2020-09-14 11:18:23] main.INFO: Cron Job outdated_authentication_failures_cleanup is successfully finished. Statistics: {"sum":0.0014159679412842,"count":1,"realmem":0,"emalloc":1448,"realmem_start":162004992,"emalloc_start":157169016} [] []
[2020-09-14 11:18:23] main.INFO: Cron Job inventory_in_store_pickup_sales_send_order_notified_emails is run [] []
[2020-09-14 11:18:23] main.INFO: Cron Job inventory_in_store_pickup_sales_send_order_notified_emails is successfully finished. Statistics: {"sum":0.00023007392883301,"count":1,"realmem":0,"emalloc":1072,"realmem_start":162004992,"emalloc_start":157224608} [] []
[2020-09-14 11:18:23] main.INFO: Cron Job magento_newrelicreporting_cron is run [] []
[2020-09-14 11:18:23] main.INFO: Cron Job magento_newrelicreporting_cron is successfully finished. Statistics: {"sum":0.00016212463378906,"count":1,"realmem":0,"emalloc":1008,"realmem_start":162004992,"emalloc_start":158195424} [] []
[2020-09-14 11:18:23] main.INFO: Cron Job bulk_cleanup is run [] []
[2020-09-14 11:18:23] main.INFO: Cron Job bulk_cleanup is successfully finished. Statistics: {"sum":0.0013978481292725,"count":1,"realmem":0,"emalloc":2360,"realmem_start":162004992,"emalloc_start":158201512} [] []
[2020-09-14 11:18:25] main.INFO: 39 cron jobs were cleaned [] []
[2020-09-14 11:18:25] main.INFO: 3 cron jobs were cleaned [] []
[2020-09-14 11:18:25] main.INFO: 14 cron jobs were cleaned [] []
[2020-09-14 11:18:25] main.INFO: 7 cron jobs were cleaned [] []
[2020-09-14 11:18:25] main.INFO: Cron Job indexer_reindex_all_invalid is run [] []
[2020-09-14 11:18:25] main.INFO: Cron Job yotpo_yotpo_orders_sync is run [] []
[2020-09-14 11:18:25] main.INFO: Cron Job indexer_reindex_all_invalid is successfully finished. Statistics: {"sum":0.039441108703613,"count":1,"realmem":0,"emalloc":366688,"realmem_start":162004992,"emalloc_start":147598208} [] []
[2020-09-14 11:18:25] main.INFO: Cron Job indexer_update_all_views is run [] []
[2020-09-14 11:18:25] main.INFO: Cron Job indexer_update_all_views is successfully finished. Statistics: {"sum":0.020045042037964,"count":1,"realmem":0,"emalloc":101640,"realmem_start":162004992,"emalloc_start":147966736} [] []
[2020-09-14 11:18:25] main.INFO: Cron Job consumers_runner is run [] []
[2020-09-14 11:18:25] main.INFO: Cron Job consumers_runner is successfully finished. Statistics: {"sum":0.011310815811157,"count":1,"realmem":0,"emalloc":12008,"realmem_start":162004992,"emalloc_start":149176624} [] []
[2020-09-14 11:18:26] main.INFO: Cron Job yotpo_yotpo_orders_sync is successfully finished. Statistics: {"sum":0.27375102043152,"count":1,"realmem":0,"emalloc":2124736,"realmem_start":162004992,"emalloc_start":147948960} [] []
[2020-09-14 11:26:26] main.INFO: Cron Job catalog_product_outdated_price_values_cleanup is run [] []
[2020-09-14 11:26:26] main.INFO: Cron Job catalog_product_outdated_price_values_cleanup is successfully finished. Statistics: {"sum":0.21345400810242,"count":1,"realmem":0,"emalloc":5383592,"realmem_start":162004992,"emalloc_start":148039592} [] []
[2020-09-14 11:26:26] main.INFO: Cron Job catalog_product_frontend_actions_flush is run [] []
[2020-09-14 11:26:26] main.INFO: Cron Job catalog_product_frontend_actions_flush is successfully finished. Statistics: {"sum":0.002126932144165,"count":1,"realmem":0,"emalloc":1512,"realmem_start":162004992,"emalloc_start":153448424} [] []
[2020-09-14 11:26:26] main.INFO: Cron Job catalog_product_attribute_value_synchronize is run [] []
[2020-09-14 11:26:26] main.INFO: Cron Job catalog_product_attribute_value_synchronize is successfully finished. Statistics: {"sum":0.052587032318115,"count":1,"realmem":0,"emalloc":53848,"realmem_start":162004992,"emalloc_start":153487672} [] []
[2020-09-14 11:26:26] main.INFO: Cron Job sales_grid_order_async_insert is run [] []
[2020-09-14 11:26:26] main.INFO: Cron Job sales_grid_order_async_insert is successfully finished. Statistics: {"sum":0.0001521110534668,"count":1,"realmem":0,"emalloc":1072,"realmem_start":162004992,"emalloc_start":153694048} [] []
[2020-09-14 11:26:26] main.INFO: Cron Job sales_grid_order_invoice_async_insert is run [] []
[2020-09-14 11:26:26] main.INFO: Cron Job sales_grid_order_invoice_async_insert is successfully finished. Statistics: {"sum":0.00010991096496582,"count":1,"realmem":0,"emalloc":1072,"realmem_start":162004992,"emalloc_start":153698128} [] []
[2020-09-14 11:26:26] main.INFO: Cron Job sales_grid_order_shipment_async_insert is run [] []
[2020-09-14 11:26:26] main.INFO: Cron Job sales_grid_order_shipment_async_insert is successfully finished. Statistics: {"sum":0.0010528564453125,"count":1,"realmem":0,"emalloc":1072,"realmem_start":162004992,"emalloc_start":153701360} [] []
[2020-09-14 11:26:26] main.INFO: Cron Job sales_grid_order_creditmemo_async_insert is run [] []
[2020-09-14 11:26:26] main.INFO: Cron Job sales_grid_order_creditmemo_async_insert is successfully finished. Statistics: {"sum":0.00010108947753906,"count":1,"realmem":0,"emalloc":1072,"realmem_start":162004992,"emalloc_start":153704720} [] []
[2020-09-14 11:26:26] main.INFO: Cron Job sales_send_order_emails is run [] []
[2020-09-14 11:26:26] main.INFO: Cron Job sales_send_order_emails is successfully finished. Statistics: {"sum":0.00018215179443359,"count":1,"realmem":0,"emalloc":1024,"realmem_start":162004992,"emalloc_start":156112168} [] []
[2020-09-14 11:26:26] main.INFO: Cron Job sales_send_order_invoice_emails is run [] []
[2020-09-14 11:26:26] main.INFO: Cron Job sales_send_order_invoice_emails is successfully finished. Statistics: {"sum":0.00018000602722168,"count":1,"realmem":0,"emalloc":1072,"realmem_start":162004992,"emalloc_start":156410232} [] []
[2020-09-14 11:26:26] main.INFO: Cron Job sales_send_order_shipment_emails is run [] []
[2020-09-14 11:26:26] main.INFO: Cron Job sales_send_order_shipment_emails is successfully finished. Statistics: {"sum":0.00012302398681641,"count":1,"realmem":0,"emalloc":1072,"realmem_start":162004992,"emalloc_start":156680952} [] []
[2020-09-14 11:26:26] main.INFO: Cron Job sales_send_order_creditmemo_emails is run [] []
[2020-09-14 11:26:26] main.INFO: Cron Job sales_send_order_creditmemo_emails is successfully finished. Statistics: {"sum":0.00017404556274414,"count":1,"realmem":0,"emalloc":1072,"realmem_start":162004992,"emalloc_start":156987248} [] []
[2020-09-14 11:26:26] main.INFO: Cron Job outdated_authentication_failures_cleanup is run [] []
[2020-09-14 11:26:26] main.INFO: Cron Job outdated_authentication_failures_cleanup is successfully finished. Statistics: {"sum":0.0012631416320801,"count":1,"realmem":0,"emalloc":1448,"realmem_start":162004992,"emalloc_start":157006752} [] []
[2020-09-14 11:26:26] main.INFO: Cron Job captcha_delete_expired_images is run [] []
[2020-09-14 11:26:26] main.INFO: Cron Job captcha_delete_expired_images is successfully finished. Statistics: {"sum":0.014627933502197,"count":1,"realmem":0,"emalloc":631480,"realmem_start":162004992,"emalloc_start":157038600} [] []
[2020-09-14 11:26:26] main.INFO: Cron Job inventory_in_store_pickup_sales_send_order_notified_emails is run [] []
[2020-09-14 11:26:26] main.INFO: Cron Job inventory_in_store_pickup_sales_send_order_notified_emails is successfully finished. Statistics: {"sum":0.0005190372467041,"count":1,"realmem":0,"emalloc":1072,"realmem_start":162004992,"emalloc_start":157724152} [] []
[2020-09-14 11:26:26] main.INFO: Cron Job magento_newrelicreporting_cron is run [] []
[2020-09-14 11:26:26] main.INFO: Cron Job magento_newrelicreporting_cron is successfully finished. Statistics: {"sum":0.00018215179443359,"count":1,"realmem":0,"emalloc":1008,"realmem_start":162004992,"emalloc_start":158694728} [] []
[2020-09-14 11:26:26] main.INFO: Cron Job newsletter_send_all is run [] []
[2020-09-14 11:26:26] main.INFO: Cron Job newsletter_send_all is successfully finished. Statistics: {"sum":0.041503190994263,"count":1,"realmem":0,"emalloc":428408,"realmem_start":162004992,"emalloc_start":158702200} [] []
[2020-09-14 11:26:26] main.INFO: Cron Job bulk_cleanup is run [] []
[2020-09-14 11:26:26] main.INFO: Cron Job bulk_cleanup is successfully finished. Statistics: {"sum":0.0008389949798584,"count":1,"realmem":0,"emalloc":2360,"realmem_start":162004992,"emalloc_start":159135712} [] []
[2020-09-14 11:26:26] main.INFO: Cron Job get_amazon_capture_updates is run [] []
[2020-09-14 11:26:26] main.INFO: Cron Job get_amazon_capture_updates is successfully finished. Statistics: {"sum":0.0059599876403809,"count":1,"realmem":0,"emalloc":46232,"realmem_start":162004992,"emalloc_start":159773200} [] []
[2020-09-14 11:26:26] main.INFO: Cron Job get_amazon_authorization_updates is run [] []
[2020-09-14 11:26:26] main.INFO: Cron Job get_amazon_authorization_updates is successfully finished. Statistics: {"sum":0.0072429180145264,"count":1,"realmem":0,"emalloc":52640,"realmem_start":162004992,"emalloc_start":160244680} [] []
[2020-09-14 11:26:26] main.INFO: Cron Job amazon_payments_process_queued_refunds is run [] []
[2020-09-14 11:26:26] main.INFO: Cron Job amazon_payments_process_queued_refunds is successfully finished. Statistics: {"sum":0.0098519325256348,"count":1,"realmem":0,"emalloc":175896,"realmem_start":162004992,"emalloc_start":160307824} [] []
[2020-09-14 11:26:29] main.INFO: Cron Job consumers_runner is run [] []
[2020-09-14 11:26:29] main.INFO: Cron Job consumers_runner is successfully finished. Statistics: {"sum":0.010364055633545,"count":1,"realmem":0,"emalloc":14424,"realmem_start":162004992,"emalloc_start":147987256} [] []
[2020-09-14 11:26:29] main.INFO: Cron Job indexer_reindex_all_invalid is run [] []
[2020-09-14 11:26:29] main.INFO: Cron Job yotpo_yotpo_orders_sync is run [] []
[2020-09-14 11:26:29] main.INFO: Cron Job indexer_reindex_all_invalid is successfully finished. Statistics: {"sum":0.036515951156616,"count":1,"realmem":0,"emalloc":368048,"realmem_start":162004992,"emalloc_start":147606472} [] []
[2020-09-14 11:26:29] main.INFO: Cron Job indexer_update_all_views is run [] []
[2020-09-14 11:26:29] main.INFO: Cron Job indexer_update_all_views is successfully finished. Statistics: {"sum":0.010210037231445,"count":1,"realmem":0,"emalloc":101320,"realmem_start":162004992,"emalloc_start":147978768} [] []
[2020-09-14 11:26:29] main.INFO: Cron Job yotpo_yotpo_orders_sync is successfully finished. Statistics: {"sum":0.043958902359009,"count":1,"realmem":0,"emalloc":1988848,"realmem_start":162004992,"emalloc_start":147953200} [] []
